-------------------------------------------------------------------------------
Test set: eus.uni.dam.AppPeli2SortuTests
-------------------------------------------------------------------------------
Tests run: 1, Failures: 0, Errors: 1, Skipped: 0, Time elapsed: 0.193 s <<< FAILURE! - in eus.uni.dam.AppPeli2SortuTests
eus.uni.dam.AppPeli2SortuTests  Time elapsed: 0.191 s  <<< ERROR!
java.lang.IllegalStateException: Found multiple @SpringBootConfiguration annotated classes [Generic bean: class [eus.uni.dam.AppPeliak]; scope=; abstract=false; lazyInit=null; autowireMode=0; dependencyCheck=0; autowireCandidate=true; primary=false; factoryBeanName=null; factoryMethodName=null; initMethodName=null; destroyMethodName=null; defined in file [C:\Users\garate.hegoi\Documents\workspace-spring-tool-suite-4-4.12.0.RELEASE\01-Erronka\target\classes\eus\uni\dam\AppPeliak.class], Generic bean: class [eus.uni.dam.OdooConnection]; scope=; abstract=false; lazyInit=null; autowireMode=0; dependencyCheck=0; autowireCandidate=true; primary=false; factoryBeanName=null; factoryMethodName=null; initMethodName=null; destroyMethodName=null; defined in file [C:\Users\garate.hegoi\Documents\workspace-spring-tool-suite-4-4.12.0.RELEASE\01-Erronka\target\classes\eus\uni\dam\OdooConnection.class], Generic bean: class [eus.uni.dam.WriteFile]; scope=; abstract=false; lazyInit=null; autowireMode=0; dependencyCheck=0; autowireCandidate=true; primary=false; factoryBeanName=null; factoryMethodName=null; initMethodName=null; destroyMethodName=null; defined in file [C:\Users\garate.hegoi\Documents\workspace-spring-tool-suite-4-4.12.0.RELEASE\01-Erronka\target\classes\eus\uni\dam\WriteFile.class]]

