<?xml version="1.0" encoding="UTF-8"?>
<testsuite xmlns:xsi="http://www.w3.org/2001/XMLSchema-instance" xsi:noNamespaceSchemaLocation="https://maven.apache.org/surefire/maven-surefire-plugin/xsd/surefire-test-report.xsd" name="eus.uni.dam.AppPeli2SortuTests" time="0.193" tests="1" errors="1" skipped="0" failures="0">
  <properties>
[...]
</properties>
  <testcase name="eus.uni.dam.AppPeli2SortuTests" classname="eus.uni.dam.AppPeli2SortuTests" time="0.191">
    <error message="Found multiple @SpringBootConfiguration annotated classes [Generic bean: class [eus.uni.dam.AppPeliak]; scope=; abstract=false; lazyInit=null; autowireMode=0; dependencyCheck=0; autowireCandidate=true; primary=false; factoryBeanName=null; factoryMethodName=null; initMethodName=null; destroyMethodName=null; defined in file [C:\Users\garate.hegoi\Documents\workspace-spring-tool-suite-4-4.12.0.RELEASE\01-Erronka\target\classes\eus\uni\dam\AppPeliak.class], Generic bean: class [eus.uni.dam.OdooConnection]; scope=; abstract=false; lazyInit=null; autowireMode=0; dependencyCheck=0; autowireCandidate=true; primary=false; factoryBeanName=null; factoryMethodName=null; initMethodName=null; destroyMethodName=null; defined in file [C:\Users\garate.hegoi\Documents\workspace-spring-tool-suite-4-4.12.0.RELEASE\01-Erronka\target\classes\eus\uni\dam\OdooConnection.class], Generic bean: class [eus.uni.dam.WriteFile]; scope=; abstract=false; lazyInit=null; autowireMode=0; dependencyCheck=0; autowireCandidate=true; primary=false; factoryBeanName=null; factoryMethodName=null; initMethodName=null; destroyMethodName=null; defined in file [C:\Users\garate.hegoi\Documents\workspace-spring-tool-suite-4-4.12.0.RELEASE\01-Erronka\target\classes\eus\uni\dam\WriteFile.class]]" type="java.lang.IllegalStateException">java.lang.IllegalStateException: Found multiple @SpringBootConfiguration annotated classes [Generic bean: class [eus.uni.dam.AppPeliak]; scope=; abstract=false; lazyInit=null; autowireMode=0; dependencyCheck=0; autowireCandidate=true; primary=false; factoryBeanName=null; factoryMethodName=null; initMethodName=null; destroyMethodName=null; defined in file [C:\Users\garate.hegoi\Documents\workspace-spring-tool-suite-4-4.12.0.RELEASE\01-Erronka\target\classes\eus\uni\dam\AppPeliak.class], Generic bean: class [eus.uni.dam.OdooConnection]; scope=; abstract=false; lazyInit=null; autowireMode=0; dependencyCheck=0; autowireCandidate=true; primary=false; factoryBeanName=null; factoryMethodName=null; initMethodName=null; destroyMethodName=null; defined in file [C:\Users\garate.hegoi\Documents\workspace-spring-tool-suite-4-4.12.0.RELEASE\01-Erronka\target\classes\eus\uni\dam\OdooConnection.class], Generic bean: class [eus.uni.dam.WriteFile]; scope=; abstract=false; lazyInit=null; autowireMode=0; dependencyCheck=0; autowireCandidate=true; primary=false; factoryBeanName=null; factoryMethodName=null; initMethodName=null; destroyMethodName=null; defined in file [C:\Users\garate.hegoi\Documents\workspace-spring-tool-suite-4-4.12.0.RELEASE\01-Erronka\target\classes\eus\uni\dam\WriteFile.class]]
</error>
    <system-out><![CDATA[09:01:51.493 [main] DEBUG org.springframework.test.context.BootstrapUtils - Instantiating CacheAwareContextLoaderDelegate from class [org.springframework.test.context.cache.DefaultCacheAwareContextLoaderDelegate]
09:01:51.503 [main] DEBUG org.springframework.test.context.BootstrapUtils - Instantiating BootstrapContext using constructor [public org.springframework.test.context.support.DefaultBootstrapContext(java.lang.Class,org.springframework.test.context.CacheAwareContextLoaderDelegate)]
09:01:51.532 [main] DEBUG org.springframework.test.context.BootstrapUtils - Instantiating TestContextBootstrapper for test class [eus.uni.dam.AppPeli2SortuTests] from class [org.springframework.boot.test.context.SpringBootTestContextBootstrapper]
09:01:51.540 [main] INFO org.springframework.boot.test.context.SpringBootTestContextBootstrapper - Neither @ContextConfiguration nor @ContextHierarchy found for test class [eus.uni.dam.AppPeli2SortuTests], using SpringBootContextLoader
09:01:51.543 [main] DEBUG org.springframework.test.context.support.AbstractContextLoader - Did not detect default resource location for test class [eus.uni.dam.AppPeli2SortuTests]: class path resource [eus/uni/dam/AppPeli2SortuTests-context.xml] does not exist
09:01:51.544 [main] DEBUG org.springframework.test.context.support.AbstractContextLoader - Did not detect default resource location for test class [eus.uni.dam.AppPeli2SortuTests]: class path resource [eus/uni/dam/AppPeli2SortuTestsContext.groovy] does not exist
09:01:51.544 [main] INFO org.springframework.test.context.support.AbstractContextLoader - Could not detect default resource locations for test class [eus.uni.dam.AppPeli2SortuTests]: no resource found for suffixes {-context.xml, Context.groovy}.
09:01:51.544 [main] INFO org.springframework.test.context.support.AnnotationConfigContextLoaderUtils - Could not detect default configuration classes for test class [eus.uni.dam.AppPeli2SortuTests]: AppPeli2SortuTests does not declare any static, non-private, non-final, nested classes annotated with @Configuration.
09:01:51.574 [main] DEBUG org.springframework.test.context.support.ActiveProfilesUtils - Could not find an 'annotation declaring class' for annotation type [org.springframework.test.context.ActiveProfiles] and class [eus.uni.dam.AppPeli2SortuTests]
09:01:51.623 [main] DEBUG org.springframework.context.annotation.ClassPathScanningCandidateComponentProvider - Identified candidate component class: file [C:\Users\garate.hegoi\Documents\workspace-spring-tool-suite-4-4.12.0.RELEASE\01-Erronka\target\classes\eus\uni\dam\AppPeliak.class]
09:01:51.623 [main] DEBUG org.springframework.context.annotation.ClassPathScanningCandidateComponentProvider - Identified candidate component class: file [C:\Users\garate.hegoi\Documents\workspace-spring-tool-suite-4-4.12.0.RELEASE\01-Erronka\target\classes\eus\uni\dam\OdooConnection.class]
09:01:51.626 [main] DEBUG org.springframework.context.annotation.ClassPathScanningCandidateComponentProvider - Identified candidate component class: file [C:\Users\garate.hegoi\Documents\workspace-spring-tool-suite-4-4.12.0.RELEASE\01-Erronka\target\classes\eus\uni\dam\WriteFile.class]
]]></system-out>
  </testcase>
</testsuite>